============================================================
  Q-TRON Gen3  [LIVE (Kiwoom)]  2026-03-19 09:37:38
============================================================
[Kiwoom] 로그인 시작...
[Kiwoom] 로그인 팝업이 뜨면 ID/PW 입력 후 확인 버튼을 누르세요.
[Kiwoom]   ※ 팝업이 콘솔 창 뒤에 숨어 있을 수 있습니다 — 작업표시줄 확인!
[Kiwoom] CommConnect() 호출 - 로그인 팝업을 완료하세요.
[Kiwoom] 로그인 성공
[Kiwoom] *** MOCK SERVER (test) ***
[Kiwoom] 계좌비밀번호 입력창을 표시합니다...
[Kiwoom]   ※ 비밀번호 입력 후 [등록] → 창 닫기
[Kiwoom] Account PW -> [Register] -> close popup -> press Enter... [Kiwoom] Account password registered.
[Kiwoom] 로그인 완료. 09:00 까지 대기.
[Scheduler] 09:38 → 즉시 실행
[ENGINE] INIT → RESTORE
[ENGINE] 이전 상태 복원: 9개 포지션
[ENGINE] RESTORE → SYNC_ACCOUNT
[AccountSync] Kiwoom 실계좌 조회 중...
[OnReceiveMsg] screen=9003 rq=계좌평가잔고내역 tr=opw00018 msg=[100000] 모의투자 조회완료
[AccountSync] Kiwoom: 예탁자산=496,534,380원, 가용현금=222,782,100원, 보유=7개
[AccountSync] Engine: 현금=207,721,068원, 보유=9개, 총자산=488,429,378원
[RECON] 현금 불일치: Engine=207,721,068 → Kiwoom=222,782,100
[RECON] phantom removed 393890 engine_qty=1964 mv=24,589,280 (broker에 없음)
[RECON] phantom removed 412350 engine_qty=882 mv=5,671,260 (broker에 없음)
[WARN:LARGE_RECON] 360350 engine=1707 broker=2968 diff=74%
[RECON] qty mismatch 360350 engine=1707 broker=2968
[RECON] 결과: added=0, removed=2, qty_fixed=1
[RECON] diff log saved → reconcile_20260319.json
[AccountSync] 기준가 유지: prev_close=488,429,378, peak=500,000,000, 현재equity=496,534,380 (diff=+1.66%)
[AccountSync] synced_broker_equity=496,534,380원 (DAILY_KILL 기준)
[AccountSync] *** 동기화 완료 *** 총자산=496,534,380원, 현금=222,782,100원, 포지션=7개
[ENGINE] INIT → READY
[EntrySignal] validate OK: signals_20260319.csv (rows=6, meta=SUCCESS, ver=7.5, trade_date=20260319)
[EntrySignal] signals_20260319.csv loaded -- 6 signals
[TickAnalyzer] 관측 시작 (live): 6개 종목 SetRealReg buffers_init=6
[LIVE] 체결강도 관측 시작 → 10:00 까지 대기
[Scheduler] 10:00 까지 Qt 이벤트 처리하며 대기 (체결강도 수집 중)
[Scheduler] 체결강도 관측 중... 남은 시간: 21.7분
[Scheduler] 체결강도 관측 중... 남은 시간: 16.7분
[Scheduler] 체결강도 관측 중... 남은 시간: 11.7분
[Scheduler] 체결강도 관측 중... 남은 시간: 6.7분
[Scheduler] 체결강도 관측 중... 남은 시간: 1.7분
[Scheduler] 10:00 도달 → 체결강도 관측 완료
[ENGINE] READY → RUNNING
[PriceSnap 10:00:00] 7종목 가격 갱신
[RiskEval] src=live snap=10:00:00 equity=495,808,850 prev_close=488,429,378 pnl=-0.15% raw=NORMAL peak=NORMAL
[RegimeDetector] 배치 결과 로드: BULL
[RuntimeEngine] Step 1 — 레짐: BULL
[PortfolioManager] max_positions=20 (regime=BULL)
[RAL] 전일 KOSPI 수익률=-2.988% → 모드=CRASH
[RuntimeEngine] Step 1.5 — RAL: CRASH
[RuntimeEngine] Step 2 — 시그널 재사용 (6개, 관측 페이즈)
[TickAnalyzer] tick_source=LIVE total_readings=5355
[TickAnalyzer] 131290 avg=108.4 (256건) -> NEUTRAL
[TickAnalyzer] 393890 avg=98.4 (2026건) -> NEUTRAL
[TickAnalyzer] 389030 avg=83.4 (92건) -> NEUTRAL
[TickAnalyzer] 475150 avg=82.5 (2449건) -> NEUTRAL
[TickAnalyzer] 417500 avg=97.1 (256건) -> NEUTRAL
[TickAnalyzer] 170920 avg=98.2 (276건) -> NEUTRAL
[RuntimeEngine] Step 2.5 — 체결강도 필터: 6개 -> 6개 tick_source=LIVE
[RuntimeEngine] Step 0.5 - 포지션 청산 점검
  [SL:TRAILING] 그린리소스(402490) SL 13,032 -> 15,017 (hwm=15,770→eff=15,770, ATR=1,101, cur=15,770, pnl=+7.1%)
  [SL:TRAILING] 티에스이(131290) SL 100,631 -> 116,110 (hwm=119,900→eff=119,900, ATR=8,240, cur=119,900, pnl=+5.3%)
  [ExitLogic] 357880 MAX_LOSS_CAP -9.22% (진입=5,442 → 현재=4,940, cap=-8%)
[ExitLogic] 청산 대상 1개
[OnReceiveMsg] screen=9003 rq=계좌평가잔고내역 tr=opw00018 msg=[100000] 모의투자 조회완료
  [SellCheck] 357880 hold_qty=4699 broker_hold=4699 sellable=4699 req_qty=4699 source=opw00018
[ORD] EXECUTE SELL 357880 qty=4699 price=4,940 (paper=False, mode=NORMAL)
[OnReceiveMsg] screen=7001 rq=매도_357880 tr=KOA_NORMAL_SELL_KQ_ORD msg=[100000] 모의투자 매도주문완료
[POS] WARN qty guard: requested=5457 held=4699 actual_sold=4699 filled_buy=4699 filled_sell=0 broker_confirmed=-1
[POS] OPEN → CLOSED 357880 qty=4699
[ORD] FILLED SELL 357880 order_no=0058947
  requested=4699 filled=5457 net_qty=0 broker_hold=-1 sellable=0 price=5,087 slip=2.98%
  [-] [SL] [SELL] SKAI(357880) 5457주 @ 5,087원 (슬리피지 2.983%)
[RuntimeEngine] SL cooldown 등록: ['357880']
  [RAL-CRASH] 368770 SL 15780 → 17131 (강화)
  [RAL-CRASH] 474610 SL 9104 → 9843 (강화)
  [RAL-CRASH] 314130 SL 7665 → 8287 (강화)
  [RAL-CRASH] 360350 SL 13600 → 14292 (강화)
[RAL] CRASH SL 강화 완료: 4개 포지션
[RuntimeEngine] RAL CRASH — 신규 진입 전량 차단

[RuntimeEngine 결과]  snap=10:00:00
  status : RAL_CRASH
  message: RAL CRASH — 신규 차단 / 레짐: BULL
    총평가금액: 496,454,693원
    현금: 246,641,003원
    보유종목수: 6
    총노출도: 50.3%
    일간손익: -0.02% (-79,687원)
    월간DD: -0.71%
    리스크모드: NORMAL
    섹터노출도: {'의료·정밀기기': '22.7%', '제약': '13.6%', '전기·전자': '8.0%', '금속': '6.0%'}
    누적부대비용: 46,616원 (수수료 3,586 + 세금 43,030)
    pnl_vs_prev_close: +1.64%
    pnl_vs_synced: -0.02%
    pnl_기준: synced=496,534,380

[Monitor] 장중 모니터링 시작 (60초 간격 체크, 10분 간격 출력, 15:20 종료)
[ExitLogic] 청산 대상 1개
[OnReceiveMsg] screen=9003 rq=계좌평가잔고내역 tr=opw00018 msg=[100000] 모의투자 조회완료
  [SellCheck] 368770 hold_qty=2402 broker_hold=2402 sellable=2402 req_qty=2402 source=opw00018
[ORD] EXECUTE SELL 368770 qty=2402 price=16,960 (paper=False, mode=NORMAL)
[OnReceiveMsg] screen=7001 rq=매도_368770 tr=KOA_NORMAL_SELL_KQ_ORD msg=[100000] 모의투자 매도주문완료
[POS] WARN qty guard: requested=2789 held=2402 actual_sold=2402 filled_buy=2402 filled_sell=0 broker_confirmed=-1
[POS] OPEN → CLOSED 368770 qty=2402
[ORD] FILLED SELL 368770 order_no=0059715
  requested=2402 filled=2789 net_qty=0 broker_hold=-1 sellable=0 price=16,529 slip=2.54%
  [-] [SL] [SELL] 파이버프로(368770) 2789주 @ 16,529원 (슬리피지 2.540%)
[RuntimeEngine] SL cooldown 등록: ['368770']

==============================================================================
  Signal Dashboard  [10:01:31]  EXITED=2 | HOLDING=5 | TICK=5
==============================================================================
  [H] 티에스이(131290)      @ 119,900 +5.3% SL:3.2%
  [H] 그린리소스(402490)     @ 15,770 +7.1% SL:4.8%
  [H] RF시스템즈(474610)    @ 10,020 -4.2% SL:1.8% (!)
  [H] 지놈앤컴퍼니(314130)    @ 8,750 +0.0% SL:5.3%
  [H] 코셈(360350)        @ 15,020 +1.7% SL:4.8%
  [X] 파이버프로(368770)     SL -8.6%
  [X] SKAI(357880)      SL -6.5%
  [T] 더블유씨피(393890)     RS=0.91
  [T] 지니너스(389030)      RS=0.90
  [T] SK이터닉스(475150)    RS=0.90
  [T] 제이아이테크(417500)    RS=0.88
  [T] 엘티씨(170920)       RS=0.83
==============================================================================

[PositionMonitor] 보유 5개:
  그린리소스(402490)  hold=2508/sell=2508/net=2508/bkr=?  평균 14,723원  현재 15,770원  ▲7.11%  TP=17,079.0  SL=15,017  보유1일
  RF시스템즈(474610)  hold=2975/sell=2975/net=2975/bkr=?  평균 10,457원  현재 10,020원  ▼4.18%  TP=12,131.0  SL=9,843.264380666305  보유1일
  지놈앤컴퍼니(314130)  hold=7721/sell=7721/net=7721/bkr=?  평균 8,749원  현재 8,750원  ▲0.01%  TP=10,149.0  SL=8,286.750527747272  보유1일
  티에스이(131290)  hold=230/sell=230/net=230/bkr=?  평균 113,834원  현재 119,900원  ▲5.33%  TP=132,048.0  SL=116,110  보유1일
  코셈(360350)  hold=2968/sell=2968/net=1707/bkr=?  평균 14,769원  현재 15,020원  ▲1.70%  TP=17,148.0  SL=14,292.434695324244  보유1일
[Monitor] src=live snap=10:01:18 청산 1건 | 잔여 5개 | 총자산 495,342,560원 | pnl=-0.24%
[RiskEval] NORMAL 유지 10회 (snap=10:10:42 equity=495,342,560 pnl=-0.24%)
[Heartbeat 10:10] 5개 포지션 | 총자산 495,342,560원 | 일간 -0.24%

==============================================================================
  Signal Dashboard  [10:10:43]  EXITED=2 | HOLDING=5 | TICK=5
==============================================================================
  [H] 티에스이(131290)      @ 119,900 +5.3% SL:3.2%
  [H] 그린리소스(402490)     @ 15,770 +7.1% SL:4.8%
  [H] RF시스템즈(474610)    @ 10,020 -4.2% SL:1.8% (!)
  [H] 지놈앤컴퍼니(314130)    @ 8,750 +0.0% SL:5.3%
  [H] 코셈(360350)        @ 15,020 +1.7% SL:4.8%
  [X] 파이버프로(368770)     SL -8.6%
  [X] SKAI(357880)      SL -6.5%
  [T] 더블유씨피(393890)     RS=0.91
  [T] 지니너스(389030)      RS=0.90
  [T] SK이터닉스(475150)    RS=0.90
  [T] 제이아이테크(417500)    RS=0.88
  [T] 엘티씨(170920)       RS=0.83
==============================================================================

[WARN:STALE_PRICE] equity=495,342,560 변동없음 10분
[DEGRADED_LIVE] 시세 갱신 중단 — 리스크 판단 신뢰 불가, 청산만 허용
[RiskEval] NORMAL 유지 20회 (snap=10:20:54 equity=495,342,560 pnl=-0.24%)
[Heartbeat 10:20] 5개 포지션 | 총자산 495,342,560원 | 일간 -0.24%

==============================================================================
  Signal Dashboard  [10:20:56]  EXITED=2 | HOLDING=5 | TICK=5
==============================================================================
  [H] 티에스이(131290)      @ 119,900 +5.3% SL:3.2%
  [H] 그린리소스(402490)     @ 15,770 +7.1% SL:4.8%
  [H] RF시스템즈(474610)    @ 10,020 -4.2% SL:1.8% (!)
  [H] 지놈앤컴퍼니(314130)    @ 8,750 +0.0% SL:5.3%
  [H] 코셈(360350)        @ 15,020 +1.7% SL:4.8%
  [X] 파이버프로(368770)     SL -8.6%
  [X] SKAI(357880)      SL -6.5%
  [T] 더블유씨피(393890)     RS=0.91
  [T] 지니너스(389030)      RS=0.90
  [T] SK이터닉스(475150)    RS=0.90
  [T] 제이아이테크(417500)    RS=0.88
  [T] 엘티씨(170920)       RS=0.83
==============================================================================

[RiskEval] NORMAL 유지 30회 (snap=10:31:07 equity=495,342,560 pnl=-0.24%)
[Heartbeat 10:31] 5개 포지션 | 총자산 495,342,560원 | 일간 -0.24%

==============================================================================
  Signal Dashboard  [10:31:08]  EXITED=2 | HOLDING=5 | TICK=5
==============================================================================
  [H] 티에스이(131290)      @ 119,900 +5.3% SL:3.2%
  [H] 그린리소스(402490)     @ 15,770 +7.1% SL:4.8%
  [H] RF시스템즈(474610)    @ 10,020 -4.2% SL:1.8% (!)
  [H] 지놈앤컴퍼니(314130)    @ 8,750 +0.0% SL:5.3%
  [H] 코셈(360350)        @ 15,020 +1.7% SL:4.8%
  [X] 파이버프로(368770)     SL -8.6%
  [X] SKAI(357880)      SL -6.5%
  [T] 더블유씨피(393890)     RS=0.91
  [T] 지니너스(389030)      RS=0.90
  [T] SK이터닉스(475150)    RS=0.90
  [T] 제이아이테크(417500)    RS=0.88
  [T] 엘티씨(170920)       RS=0.83
==============================================================================

[RiskEval] NORMAL 유지 40회 (snap=10:41:20 equity=495,342,560 pnl=-0.24%)
[Heartbeat 10:41] 5개 포지션 | 총자산 495,342,560원 | 일간 -0.24%

==============================================================================
  Signal Dashboard  [10:41:21]  EXITED=2 | HOLDING=5 | TICK=5
==============================================================================
  [H] 티에스이(131290)      @ 119,900 +5.3% SL:3.2%
  [H] 그린리소스(402490)     @ 15,770 +7.1% SL:4.8%
  [H] RF시스템즈(474610)    @ 10,020 -4.2% SL:1.8% (!)
  [H] 지놈앤컴퍼니(314130)    @ 8,750 +0.0% SL:5.3%
  [H] 코셈(360350)        @ 15,020 +1.7% SL:4.8%
  [X] 파이버프로(368770)     SL -8.6%
  [X] SKAI(357880)      SL -6.5%
  [T] 더블유씨피(393890)     RS=0.91
  [T] 지니너스(389030)      RS=0.90
  [T] SK이터닉스(475150)    RS=0.90
  [T] 제이아이테크(417500)    RS=0.88
  [T] 엘티씨(170920)       RS=0.83
==============================================================================

[RiskEval] NORMAL 유지 50회 (snap=10:51:32 equity=495,342,560 pnl=-0.24%)
[Heartbeat 10:51] 5개 포지션 | 총자산 495,342,560원 | 일간 -0.24%

==============================================================================
  Signal Dashboard  [10:51:33]  EXITED=2 | HOLDING=5 | TICK=5
==============================================================================
  [H] 티에스이(131290)      @ 119,900 +5.3% SL:3.2%
  [H] 그린리소스(402490)     @ 15,770 +7.1% SL:4.8%
  [H] RF시스템즈(474610)    @ 10,020 -4.2% SL:1.8% (!)
  [H] 지놈앤컴퍼니(314130)    @ 8,750 +0.0% SL:5.3%
  [H] 코셈(360350)        @ 15,020 +1.7% SL:4.8%
  [X] 파이버프로(368770)     SL -8.6%
  [X] SKAI(357880)      SL -6.5%
  [T] 더블유씨피(393890)     RS=0.91
  [T] 지니너스(389030)      RS=0.90
  [T] SK이터닉스(475150)    RS=0.90
  [T] 제이아이테크(417500)    RS=0.88
  [T] 엘티씨(170920)       RS=0.83
==============================================================================

[RiskEval] NORMAL 유지 60회 (snap=11:01:45 equity=495,342,560 pnl=-0.24%)
[Heartbeat 11:01] 5개 포지션 | 총자산 495,342,560원 | 일간 -0.24%

==============================================================================
  Signal Dashboard  [11:01:46]  EXITED=2 | HOLDING=5 | TICK=5
==============================================================================
  [H] 티에스이(131290)      @ 119,900 +5.3% SL:3.2%
  [H] 그린리소스(402490)     @ 15,770 +7.1% SL:4.8%
  [H] RF시스템즈(474610)    @ 10,020 -4.2% SL:1.8% (!)
  [H] 지놈앤컴퍼니(314130)    @ 8,750 +0.0% SL:5.3%
  [H] 코셈(360350)        @ 15,020 +1.7% SL:4.8%
  [X] 파이버프로(368770)     SL -8.6%
  [X] SKAI(357880)      SL -6.5%
  [T] 더블유씨피(393890)     RS=0.91
  [T] 지니너스(389030)      RS=0.90
  [T] SK이터닉스(475150)    RS=0.90
  [T] 제이아이테크(417500)    RS=0.88
  [T] 엘티씨(170920)       RS=0.83
==============================================================================

[RiskEval] NORMAL 유지 70회 (snap=11:11:57 equity=495,342,560 pnl=-0.24%)
[Heartbeat 11:11] 5개 포지션 | 총자산 495,342,560원 | 일간 -0.24%

==============================================================================
  Signal Dashboard  [11:11:58]  EXITED=2 | HOLDING=5 | TICK=5
==============================================================================
  [H] 티에스이(131290)      @ 119,900 +5.3% SL:3.2%
  [H] 그린리소스(402490)     @ 15,770 +7.1% SL:4.8%
  [H] RF시스템즈(474610)    @ 10,020 -4.2% SL:1.8% (!)
  [H] 지놈앤컴퍼니(314130)    @ 8,750 +0.0% SL:5.3%
  [H] 코셈(360350)        @ 15,020 +1.7% SL:4.8%
  [X] 파이버프로(368770)     SL -8.6%
  [X] SKAI(357880)      SL -6.5%
  [T] 더블유씨피(393890)     RS=0.91
  [T] 지니너스(389030)      RS=0.90
  [T] SK이터닉스(475150)    RS=0.90
  [T] 제이아이테크(417500)    RS=0.88
  [T] 엘티씨(170920)       RS=0.83
==============================================================================

[RiskEval] NORMAL 유지 80회 (snap=11:22:10 equity=495,342,560 pnl=-0.24%)
[Heartbeat 11:22] 5개 포지션 | 총자산 495,342,560원 | 일간 -0.24%

==============================================================================
  Signal Dashboard  [11:22:11]  EXITED=2 | HOLDING=5 | TICK=5
==============================================================================
  [H] 티에스이(131290)      @ 119,900 +5.3% SL:3.2%
  [H] 그린리소스(402490)     @ 15,770 +7.1% SL:4.8%
  [H] RF시스템즈(474610)    @ 10,020 -4.2% SL:1.8% (!)
  [H] 지놈앤컴퍼니(314130)    @ 8,750 +0.0% SL:5.3%
  [H] 코셈(360350)        @ 15,020 +1.7% SL:4.8%
  [X] 파이버프로(368770)     SL -8.6%
  [X] SKAI(357880)      SL -6.5%
  [T] 더블유씨피(393890)     RS=0.91
  [T] 지니너스(389030)      RS=0.90
  [T] SK이터닉스(475150)    RS=0.90
  [T] 제이아이테크(417500)    RS=0.88
  [T] 엘티씨(170920)       RS=0.83
==============================================================================

[RiskEval] NORMAL 유지 90회 (snap=11:32:22 equity=495,342,560 pnl=-0.24%)
[Heartbeat 11:32] 5개 포지션 | 총자산 495,342,560원 | 일간 -0.24%

==============================================================================
  Signal Dashboard  [11:32:23]  EXITED=2 | HOLDING=5 | TICK=5
==============================================================================
  [H] 티에스이(131290)      @ 119,900 +5.3% SL:3.2%
  [H] 그린리소스(402490)     @ 15,770 +7.1% SL:4.8%
  [H] RF시스템즈(474610)    @ 10,020 -4.2% SL:1.8% (!)
  [H] 지놈앤컴퍼니(314130)    @ 8,750 +0.0% SL:5.3%
  [H] 코셈(360350)        @ 15,020 +1.7% SL:4.8%
  [X] 파이버프로(368770)     SL -8.6%
  [X] SKAI(357880)      SL -6.5%
  [T] 더블유씨피(393890)     RS=0.91
  [T] 지니너스(389030)      RS=0.90
  [T] SK이터닉스(475150)    RS=0.90
  [T] 제이아이테크(417500)    RS=0.88
  [T] 엘티씨(170920)       RS=0.83
==============================================================================

[RiskEval] NORMAL 유지 100회 (snap=11:42:35 equity=495,342,560 pnl=-0.24%)
[Heartbeat 11:42] 5개 포지션 | 총자산 495,342,560원 | 일간 -0.24%

==============================================================================
  Signal Dashboard  [11:42:36]  EXITED=2 | HOLDING=5 | TICK=5
==============================================================================
  [H] 티에스이(131290)      @ 119,900 +5.3% SL:3.2%
  [H] 그린리소스(402490)     @ 15,770 +7.1% SL:4.8%
  [H] RF시스템즈(474610)    @ 10,020 -4.2% SL:1.8% (!)
  [H] 지놈앤컴퍼니(314130)    @ 8,750 +0.0% SL:5.3%
  [H] 코셈(360350)        @ 15,020 +1.7% SL:4.8%
  [X] 파이버프로(368770)     SL -8.6%
  [X] SKAI(357880)      SL -6.5%
  [T] 더블유씨피(393890)     RS=0.91
  [T] 지니너스(389030)      RS=0.90
  [T] SK이터닉스(475150)    RS=0.90
  [T] 제이아이테크(417500)    RS=0.88
  [T] 엘티씨(170920)       RS=0.83
==============================================================================

[RiskEval] NORMAL 유지 110회 (snap=11:52:47 equity=495,342,560 pnl=-0.24%)
[Heartbeat 11:52] 5개 포지션 | 총자산 495,342,560원 | 일간 -0.24%

==============================================================================
  Signal Dashboard  [11:52:48]  EXITED=2 | HOLDING=5 | TICK=5
==============================================================================
  [H] 티에스이(131290)      @ 119,900 +5.3% SL:3.2%
  [H] 그린리소스(402490)     @ 15,770 +7.1% SL:4.8%
  [H] RF시스템즈(474610)    @ 10,020 -4.2% SL:1.8% (!)
  [H] 지놈앤컴퍼니(314130)    @ 8,750 +0.0% SL:5.3%
  [H] 코셈(360350)        @ 15,020 +1.7% SL:4.8%
  [X] 파이버프로(368770)     SL -8.6%
  [X] SKAI(357880)      SL -6.5%
  [T] 더블유씨피(393890)     RS=0.91
  [T] 지니너스(389030)      RS=0.90
  [T] SK이터닉스(475150)    RS=0.90
  [T] 제이아이테크(417500)    RS=0.88
  [T] 엘티씨(170920)       RS=0.83
==============================================================================

[RiskEval] NORMAL 유지 120회 (snap=12:03:00 equity=495,342,560 pnl=-0.24%)
[Heartbeat 12:03] 5개 포지션 | 총자산 495,342,560원 | 일간 -0.24%

==============================================================================
  Signal Dashboard  [12:03:01]  EXITED=2 | HOLDING=5 | TICK=5
==============================================================================
  [H] 티에스이(131290)      @ 119,900 +5.3% SL:3.2%
  [H] 그린리소스(402490)     @ 15,770 +7.1% SL:4.8%
  [H] RF시스템즈(474610)    @ 10,020 -4.2% SL:1.8% (!)
  [H] 지놈앤컴퍼니(314130)    @ 8,750 +0.0% SL:5.3%
  [H] 코셈(360350)        @ 15,020 +1.7% SL:4.8%
  [X] 파이버프로(368770)     SL -8.6%
  [X] SKAI(357880)      SL -6.5%
  [T] 더블유씨피(393890)     RS=0.91
  [T] 지니너스(389030)      RS=0.90
  [T] SK이터닉스(475150)    RS=0.90
  [T] 제이아이테크(417500)    RS=0.88
  [T] 엘티씨(170920)       RS=0.83
==============================================================================

[RiskEval] NORMAL 유지 130회 (snap=12:13:12 equity=495,342,560 pnl=-0.24%)
[Heartbeat 12:13] 5개 포지션 | 총자산 495,342,560원 | 일간 -0.24%

==============================================================================
  Signal Dashboard  [12:13:13]  EXITED=2 | HOLDING=5 | TICK=5
==============================================================================
  [H] 티에스이(131290)      @ 119,900 +5.3% SL:3.2%
  [H] 그린리소스(402490)     @ 15,770 +7.1% SL:4.8%
  [H] RF시스템즈(474610)    @ 10,020 -4.2% SL:1.8% (!)
  [H] 지놈앤컴퍼니(314130)    @ 8,750 +0.0% SL:5.3%
  [H] 코셈(360350)        @ 15,020 +1.7% SL:4.8%
  [X] 파이버프로(368770)     SL -8.6%
  [X] SKAI(357880)      SL -6.5%
  [T] 더블유씨피(393890)     RS=0.91
  [T] 지니너스(389030)      RS=0.90
  [T] SK이터닉스(475150)    RS=0.90
  [T] 제이아이테크(417500)    RS=0.88
  [T] 엘티씨(170920)       RS=0.83
==============================================================================

[RiskEval] NORMAL 유지 140회 (snap=12:23:25 equity=495,342,560 pnl=-0.24%)
[Heartbeat 12:23] 5개 포지션 | 총자산 495,342,560원 | 일간 -0.24%

==============================================================================
  Signal Dashboard  [12:23:26]  EXITED=2 | HOLDING=5 | TICK=5
==============================================================================
  [H] 티에스이(131290)      @ 119,900 +5.3% SL:3.2%
  [H] 그린리소스(402490)     @ 15,770 +7.1% SL:4.8%
  [H] RF시스템즈(474610)    @ 10,020 -4.2% SL:1.8% (!)
  [H] 지놈앤컴퍼니(314130)    @ 8,750 +0.0% SL:5.3%
  [H] 코셈(360350)        @ 15,020 +1.7% SL:4.8%
  [X] 파이버프로(368770)     SL -8.6%
  [X] SKAI(357880)      SL -6.5%
  [T] 더블유씨피(393890)     RS=0.91
  [T] 지니너스(389030)      RS=0.90
  [T] SK이터닉스(475150)    RS=0.90
  [T] 제이아이테크(417500)    RS=0.88
  [T] 엘티씨(170920)       RS=0.83
==============================================================================

[RiskEval] NORMAL 유지 150회 (snap=12:33:37 equity=495,342,560 pnl=-0.24%)
[Heartbeat 12:33] 5개 포지션 | 총자산 495,342,560원 | 일간 -0.24%

==============================================================================
  Signal Dashboard  [12:33:39]  EXITED=2 | HOLDING=5 | TICK=5
==============================================================================
  [H] 티에스이(131290)      @ 119,900 +5.3% SL:3.2%
  [H] 그린리소스(402490)     @ 15,770 +7.1% SL:4.8%
  [H] RF시스템즈(474610)    @ 10,020 -4.2% SL:1.8% (!)
  [H] 지놈앤컴퍼니(314130)    @ 8,750 +0.0% SL:5.3%
  [H] 코셈(360350)        @ 15,020 +1.7% SL:4.8%
  [X] 파이버프로(368770)     SL -8.6%
  [X] SKAI(357880)      SL -6.5%
  [T] 더블유씨피(393890)     RS=0.91
  [T] 지니너스(389030)      RS=0.90
  [T] SK이터닉스(475150)    RS=0.90
  [T] 제이아이테크(417500)    RS=0.88
  [T] 엘티씨(170920)       RS=0.83
==============================================================================

[RiskEval] NORMAL 유지 160회 (snap=12:43:51 equity=495,342,560 pnl=-0.24%)
[Heartbeat 12:43] 5개 포지션 | 총자산 495,342,560원 | 일간 -0.24%

==============================================================================
  Signal Dashboard  [12:43:52]  EXITED=2 | HOLDING=5 | TICK=5
==============================================================================
  [H] 티에스이(131290)      @ 119,900 +5.3% SL:3.2%
  [H] 그린리소스(402490)     @ 15,770 +7.1% SL:4.8%
  [H] RF시스템즈(474610)    @ 10,020 -4.2% SL:1.8% (!)
  [H] 지놈앤컴퍼니(314130)    @ 8,750 +0.0% SL:5.3%
  [H] 코셈(360350)        @ 15,020 +1.7% SL:4.8%
  [X] 파이버프로(368770)     SL -8.6%
  [X] SKAI(357880)      SL -6.5%
  [T] 더블유씨피(393890)     RS=0.91
  [T] 지니너스(389030)      RS=0.90
  [T] SK이터닉스(475150)    RS=0.90
  [T] 제이아이테크(417500)    RS=0.88
  [T] 엘티씨(170920)       RS=0.83
==============================================================================

[RiskEval] NORMAL 유지 170회 (snap=12:54:03 equity=495,342,560 pnl=-0.24%)
[Heartbeat 12:54] 5개 포지션 | 총자산 495,342,560원 | 일간 -0.24%

==============================================================================
  Signal Dashboard  [12:54:05]  EXITED=2 | HOLDING=5 | TICK=5
==============================================================================
  [H] 티에스이(131290)      @ 119,900 +5.3% SL:3.2%
  [H] 그린리소스(402490)     @ 15,770 +7.1% SL:4.8%
  [H] RF시스템즈(474610)    @ 10,020 -4.2% SL:1.8% (!)
  [H] 지놈앤컴퍼니(314130)    @ 8,750 +0.0% SL:5.3%
  [H] 코셈(360350)        @ 15,020 +1.7% SL:4.8%
  [X] 파이버프로(368770)     SL -8.6%
  [X] SKAI(357880)      SL -6.5%
  [T] 더블유씨피(393890)     RS=0.91
  [T] 지니너스(389030)      RS=0.90
  [T] SK이터닉스(475150)    RS=0.90
  [T] 제이아이테크(417500)    RS=0.88
  [T] 엘티씨(170920)       RS=0.83
==============================================================================

[RiskEval] NORMAL 유지 180회 (snap=13:04:16 equity=495,342,560 pnl=-0.24%)
[Heartbeat 13:04] 5개 포지션 | 총자산 495,342,560원 | 일간 -0.24%

==============================================================================
  Signal Dashboard  [13:04:17]  EXITED=2 | HOLDING=5 | TICK=5
==============================================================================
  [H] 티에스이(131290)      @ 119,900 +5.3% SL:3.2%
  [H] 그린리소스(402490)     @ 15,770 +7.1% SL:4.8%
  [H] RF시스템즈(474610)    @ 10,020 -4.2% SL:1.8% (!)
  [H] 지놈앤컴퍼니(314130)    @ 8,750 +0.0% SL:5.3%
  [H] 코셈(360350)        @ 15,020 +1.7% SL:4.8%
  [X] 파이버프로(368770)     SL -8.6%
  [X] SKAI(357880)      SL -6.5%
  [T] 더블유씨피(393890)     RS=0.91
  [T] 지니너스(389030)      RS=0.90
  [T] SK이터닉스(475150)    RS=0.90
  [T] 제이아이테크(417500)    RS=0.88
  [T] 엘티씨(170920)       RS=0.83
==============================================================================

[RiskEval] NORMAL 유지 190회 (snap=13:14:28 equity=495,342,560 pnl=-0.24%)
[Heartbeat 13:14] 5개 포지션 | 총자산 495,342,560원 | 일간 -0.24%

==============================================================================
  Signal Dashboard  [13:14:29]  EXITED=2 | HOLDING=5 | TICK=5
==============================================================================
  [H] 티에스이(131290)      @ 119,900 +5.3% SL:3.2%
  [H] 그린리소스(402490)     @ 15,770 +7.1% SL:4.8%
  [H] RF시스템즈(474610)    @ 10,020 -4.2% SL:1.8% (!)
  [H] 지놈앤컴퍼니(314130)    @ 8,750 +0.0% SL:5.3%
  [H] 코셈(360350)        @ 15,020 +1.7% SL:4.8%
  [X] 파이버프로(368770)     SL -8.6%
  [X] SKAI(357880)      SL -6.5%
  [T] 더블유씨피(393890)     RS=0.91
  [T] 지니너스(389030)      RS=0.90
  [T] SK이터닉스(475150)    RS=0.90
  [T] 제이아이테크(417500)    RS=0.88
  [T] 엘티씨(170920)       RS=0.83
==============================================================================

[RiskEval] NORMAL 유지 200회 (snap=13:24:41 equity=495,342,560 pnl=-0.24%)
[Heartbeat 13:24] 5개 포지션 | 총자산 495,342,560원 | 일간 -0.24%

==============================================================================
  Signal Dashboard  [13:24:42]  EXITED=2 | HOLDING=5 | TICK=5
==============================================================================
  [H] 티에스이(131290)      @ 119,900 +5.3% SL:3.2%
  [H] 그린리소스(402490)     @ 15,770 +7.1% SL:4.8%
  [H] RF시스템즈(474610)    @ 10,020 -4.2% SL:1.8% (!)
  [H] 지놈앤컴퍼니(314130)    @ 8,750 +0.0% SL:5.3%
  [H] 코셈(360350)        @ 15,020 +1.7% SL:4.8%
  [X] 파이버프로(368770)     SL -8.6%
  [X] SKAI(357880)      SL -6.5%
  [T] 더블유씨피(393890)     RS=0.91
  [T] 지니너스(389030)      RS=0.90
  [T] SK이터닉스(475150)    RS=0.90
  [T] 제이아이테크(417500)    RS=0.88
  [T] 엘티씨(170920)       RS=0.83
==============================================================================

[RiskEval] NORMAL 유지 210회 (snap=13:34:53 equity=495,342,560 pnl=-0.24%)
[Heartbeat 13:34] 5개 포지션 | 총자산 495,342,560원 | 일간 -0.24%

==============================================================================
  Signal Dashboard  [13:34:55]  EXITED=2 | HOLDING=5 | TICK=5
==============================================================================
  [H] 티에스이(131290)      @ 119,900 +5.3% SL:3.2%
  [H] 그린리소스(402490)     @ 15,770 +7.1% SL:4.8%
  [H] RF시스템즈(474610)    @ 10,020 -4.2% SL:1.8% (!)
  [H] 지놈앤컴퍼니(314130)    @ 8,750 +0.0% SL:5.3%
  [H] 코셈(360350)        @ 15,020 +1.7% SL:4.8%
  [X] 파이버프로(368770)     SL -8.6%
  [X] SKAI(357880)      SL -6.5%
  [T] 더블유씨피(393890)     RS=0.91
  [T] 지니너스(389030)      RS=0.90
  [T] SK이터닉스(475150)    RS=0.90
  [T] 제이아이테크(417500)    RS=0.88
  [T] 엘티씨(170920)       RS=0.83
==============================================================================

[RiskEval] NORMAL 유지 220회 (snap=13:45:06 equity=495,342,560 pnl=-0.24%)
[Heartbeat 13:45] 5개 포지션 | 총자산 495,342,560원 | 일간 -0.24%

==============================================================================
  Signal Dashboard  [13:45:07]  EXITED=2 | HOLDING=5 | TICK=5
==============================================================================
  [H] 티에스이(131290)      @ 119,900 +5.3% SL:3.2%
  [H] 그린리소스(402490)     @ 15,770 +7.1% SL:4.8%
  [H] RF시스템즈(474610)    @ 10,020 -4.2% SL:1.8% (!)
  [H] 지놈앤컴퍼니(314130)    @ 8,750 +0.0% SL:5.3%
  [H] 코셈(360350)        @ 15,020 +1.7% SL:4.8%
  [X] 파이버프로(368770)     SL -8.6%
  [X] SKAI(357880)      SL -6.5%
  [T] 더블유씨피(393890)     RS=0.91
  [T] 지니너스(389030)      RS=0.90
  [T] SK이터닉스(475150)    RS=0.90
  [T] 제이아이테크(417500)    RS=0.88
  [T] 엘티씨(170920)       RS=0.83
==============================================================================

[RiskEval] NORMAL 유지 230회 (snap=13:55:18 equity=495,342,560 pnl=-0.24%)
[Heartbeat 13:55] 5개 포지션 | 총자산 495,342,560원 | 일간 -0.24%

==============================================================================
  Signal Dashboard  [13:55:20]  EXITED=2 | HOLDING=5 | TICK=5
==============================================================================
  [H] 티에스이(131290)      @ 119,900 +5.3% SL:3.2%
  [H] 그린리소스(402490)     @ 15,770 +7.1% SL:4.8%
  [H] RF시스템즈(474610)    @ 10,020 -4.2% SL:1.8% (!)
  [H] 지놈앤컴퍼니(314130)    @ 8,750 +0.0% SL:5.3%
  [H] 코셈(360350)        @ 15,020 +1.7% SL:4.8%
  [X] 파이버프로(368770)     SL -8.6%
  [X] SKAI(357880)      SL -6.5%
  [T] 더블유씨피(393890)     RS=0.91
  [T] 지니너스(389030)      RS=0.90
  [T] SK이터닉스(475150)    RS=0.90
  [T] 제이아이테크(417500)    RS=0.88
  [T] 엘티씨(170920)       RS=0.83
==============================================================================

[RiskEval] NORMAL 유지 240회 (snap=14:05:31 equity=495,342,560 pnl=-0.24%)
[Heartbeat 14:05] 5개 포지션 | 총자산 495,342,560원 | 일간 -0.24%

==============================================================================
  Signal Dashboard  [14:05:32]  EXITED=2 | HOLDING=5 | TICK=5
==============================================================================
  [H] 티에스이(131290)      @ 119,900 +5.3% SL:3.2%
  [H] 그린리소스(402490)     @ 15,770 +7.1% SL:4.8%
  [H] RF시스템즈(474610)    @ 10,020 -4.2% SL:1.8% (!)
  [H] 지놈앤컴퍼니(314130)    @ 8,750 +0.0% SL:5.3%
  [H] 코셈(360350)        @ 15,020 +1.7% SL:4.8%
  [X] 파이버프로(368770)     SL -8.6%
  [X] SKAI(357880)      SL -6.5%
  [T] 더블유씨피(393890)     RS=0.91
  [T] 지니너스(389030)      RS=0.90
  [T] SK이터닉스(475150)    RS=0.90
  [T] 제이아이테크(417500)    RS=0.88
  [T] 엘티씨(170920)       RS=0.83
==============================================================================

[RiskEval] NORMAL 유지 250회 (snap=14:15:44 equity=495,342,560 pnl=-0.24%)
[Heartbeat 14:15] 5개 포지션 | 총자산 495,342,560원 | 일간 -0.24%

==============================================================================
  Signal Dashboard  [14:15:45]  EXITED=2 | HOLDING=5 | TICK=5
==============================================================================
  [H] 티에스이(131290)      @ 119,900 +5.3% SL:3.2%
  [H] 그린리소스(402490)     @ 15,770 +7.1% SL:4.8%
  [H] RF시스템즈(474610)    @ 10,020 -4.2% SL:1.8% (!)
  [H] 지놈앤컴퍼니(314130)    @ 8,750 +0.0% SL:5.3%
  [H] 코셈(360350)        @ 15,020 +1.7% SL:4.8%
  [X] 파이버프로(368770)     SL -8.6%
  [X] SKAI(357880)      SL -6.5%
  [T] 더블유씨피(393890)     RS=0.91
  [T] 지니너스(389030)      RS=0.90
  [T] SK이터닉스(475150)    RS=0.90
  [T] 제이아이테크(417500)    RS=0.88
  [T] 엘티씨(170920)       RS=0.83
==============================================================================

[RiskEval] NORMAL 유지 260회 (snap=14:25:56 equity=495,342,560 pnl=-0.24%)
[Heartbeat 14:25] 5개 포지션 | 총자산 495,342,560원 | 일간 -0.24%

==============================================================================
  Signal Dashboard  [14:25:58]  EXITED=2 | HOLDING=5 | TICK=5
==============================================================================
  [H] 티에스이(131290)      @ 119,900 +5.3% SL:3.2%
  [H] 그린리소스(402490)     @ 15,770 +7.1% SL:4.8%
  [H] RF시스템즈(474610)    @ 10,020 -4.2% SL:1.8% (!)
  [H] 지놈앤컴퍼니(314130)    @ 8,750 +0.0% SL:5.3%
  [H] 코셈(360350)        @ 15,020 +1.7% SL:4.8%
  [X] 파이버프로(368770)     SL -8.6%
  [X] SKAI(357880)      SL -6.5%
  [T] 더블유씨피(393890)     RS=0.91
  [T] 지니너스(389030)      RS=0.90
  [T] SK이터닉스(475150)    RS=0.90
  [T] 제이아이테크(417500)    RS=0.88
  [T] 엘티씨(170920)       RS=0.83
==============================================================================

[RiskEval] NORMAL 유지 270회 (snap=14:36:09 equity=495,342,560 pnl=-0.24%)
[Heartbeat 14:36] 5개 포지션 | 총자산 495,342,560원 | 일간 -0.24%

==============================================================================
  Signal Dashboard  [14:36:10]  EXITED=2 | HOLDING=5 | TICK=5
==============================================================================
  [H] 티에스이(131290)      @ 119,900 +5.3% SL:3.2%
  [H] 그린리소스(402490)     @ 15,770 +7.1% SL:4.8%
  [H] RF시스템즈(474610)    @ 10,020 -4.2% SL:1.8% (!)
  [H] 지놈앤컴퍼니(314130)    @ 8,750 +0.0% SL:5.3%
  [H] 코셈(360350)        @ 15,020 +1.7% SL:4.8%
  [X] 파이버프로(368770)     SL -8.6%
  [X] SKAI(357880)      SL -6.5%
  [T] 더블유씨피(393890)     RS=0.91
  [T] 지니너스(389030)      RS=0.90
  [T] SK이터닉스(475150)    RS=0.90
  [T] 제이아이테크(417500)    RS=0.88
  [T] 엘티씨(170920)       RS=0.83
==============================================================================

[RiskEval] NORMAL 유지 280회 (snap=14:46:21 equity=495,342,560 pnl=-0.24%)
[Heartbeat 14:46] 5개 포지션 | 총자산 495,342,560원 | 일간 -0.24%

==============================================================================
  Signal Dashboard  [14:46:23]  EXITED=2 | HOLDING=5 | TICK=5
==============================================================================
  [H] 티에스이(131290)      @ 119,900 +5.3% SL:3.2%
  [H] 그린리소스(402490)     @ 15,770 +7.1% SL:4.8%
  [H] RF시스템즈(474610)    @ 10,020 -4.2% SL:1.8% (!)
  [H] 지놈앤컴퍼니(314130)    @ 8,750 +0.0% SL:5.3%
  [H] 코셈(360350)        @ 15,020 +1.7% SL:4.8%
  [X] 파이버프로(368770)     SL -8.6%
  [X] SKAI(357880)      SL -6.5%
  [T] 더블유씨피(393890)     RS=0.91
  [T] 지니너스(389030)      RS=0.90
  [T] SK이터닉스(475150)    RS=0.90
  [T] 제이아이테크(417500)    RS=0.88
  [T] 엘티씨(170920)       RS=0.83
==============================================================================

[RiskEval] NORMAL 유지 290회 (snap=14:56:34 equity=495,342,560 pnl=-0.24%)
[Heartbeat 14:56] 5개 포지션 | 총자산 495,342,560원 | 일간 -0.24%

==============================================================================
  Signal Dashboard  [14:56:35]  EXITED=2 | HOLDING=5 | TICK=5
==============================================================================
  [H] 티에스이(131290)      @ 119,900 +5.3% SL:3.2%
  [H] 그린리소스(402490)     @ 15,770 +7.1% SL:4.8%
  [H] RF시스템즈(474610)    @ 10,020 -4.2% SL:1.8% (!)
  [H] 지놈앤컴퍼니(314130)    @ 8,750 +0.0% SL:5.3%
  [H] 코셈(360350)        @ 15,020 +1.7% SL:4.8%
  [X] 파이버프로(368770)     SL -8.6%
  [X] SKAI(357880)      SL -6.5%
  [T] 더블유씨피(393890)     RS=0.91
  [T] 지니너스(389030)      RS=0.90
  [T] SK이터닉스(475150)    RS=0.90
  [T] 제이아이테크(417500)    RS=0.88
  [T] 엘티씨(170920)       RS=0.83
==============================================================================

[RiskEval] NORMAL 유지 300회 (snap=15:06:47 equity=495,342,560 pnl=-0.24%)
[Heartbeat 15:06] 5개 포지션 | 총자산 495,342,560원 | 일간 -0.24%

==============================================================================
  Signal Dashboard  [15:06:48]  EXITED=2 | HOLDING=5 | TICK=5
==============================================================================
  [H] 티에스이(131290)      @ 119,900 +5.3% SL:3.2%
  [H] 그린리소스(402490)     @ 15,770 +7.1% SL:4.8%
  [H] RF시스템즈(474610)    @ 10,020 -4.2% SL:1.8% (!)
  [H] 지놈앤컴퍼니(314130)    @ 8,750 +0.0% SL:5.3%
  [H] 코셈(360350)        @ 15,020 +1.7% SL:4.8%
  [X] 파이버프로(368770)     SL -8.6%
  [X] SKAI(357880)      SL -6.5%
  [T] 더블유씨피(393890)     RS=0.91
  [T] 지니너스(389030)      RS=0.90
  [T] SK이터닉스(475150)    RS=0.90
  [T] 제이아이테크(417500)    RS=0.88
  [T] 엘티씨(170920)       RS=0.83
==============================================================================

[RiskEval] NORMAL 유지 310회 (snap=15:16:59 equity=495,342,560 pnl=-0.24%)
[Heartbeat 15:17] 5개 포지션 | 총자산 495,342,560원 | 일간 -0.24%

==============================================================================
  Signal Dashboard  [15:17:01]  EXITED=2 | HOLDING=5 | TICK=5
==============================================================================
  [H] 티에스이(131290)      @ 119,900 +5.3% SL:3.2%
  [H] 그린리소스(402490)     @ 15,770 +7.1% SL:4.8%
  [H] RF시스템즈(474610)    @ 10,020 -4.2% SL:1.8% (!)
  [H] 지놈앤컴퍼니(314130)    @ 8,750 +0.0% SL:5.3%
  [H] 코셈(360350)        @ 15,020 +1.7% SL:4.8%
  [X] 파이버프로(368770)     SL -8.6%
  [X] SKAI(357880)      SL -6.5%
  [T] 더블유씨피(393890)     RS=0.91
  [T] 지니너스(389030)      RS=0.90
  [T] SK이터닉스(475150)    RS=0.90
  [T] 제이아이테크(417500)    RS=0.88
  [T] 엘티씨(170920)       RS=0.83
==============================================================================

[Monitor] 15:20 도달 — 모니터링 종료
[ENGINE] RUNNING → SHUTDOWN (EOD)

==============================================================================
  Signal Dashboard  [15:20:05]  EXITED=2 | HOLDING=5 | TICK=5
==============================================================================

  -- HOLDING (5) --
  종목               Stage       체결가       현재가     PnL   SL거리   TP거리       SL       TP           수량 상태
  티에스이(131290)      SYNC         0   119,900 +  5.3%  3.2% 10.1%  116,110  132,048      230/230 
  그린리소스(402490)     SYNC    14,723    15,770 +  7.1%  4.8%  8.3%   15,017   17,079    2508/2508 
  RF시스템즈(474610)    SYNC    10,457    10,020  -4.2%  1.8% (!) 21.1%    9,843   12,131    2975/2975 
  지놈앤컴퍼니(314130)    SYNC     8,749     8,750 +  0.0%  5.3% 16.0%    8,286   10,149    7721/7721 
  코셈(360350)           A    14,769    15,020 +  1.7%  4.8% 14.2%   14,292   17,148    2968/2968 

  -- EXITED (2) --
  종목               사유               체결가       청산가     PnL
  파이버프로(368770)    SL            18,091    16,529  -8.6%
  SKAI(357880)     SL             5,442     5,087  -6.5%

  -- PENDING (5) --
  더블유씨피(393890)    TICK       A 
  지니너스(389030)     TICK       A 
  SK이터닉스(475150)   TICK       A 
  제이아이테크(417500)   TICK       A 
  엘티씨(170920)      TICK       A 
==============================================================================

[EOD] {'총평가금액': '495,342,560원', '현금': '286,266,790원', '보유종목수': 5, '총노출도': '42.2%', '일간손익': '-0.24% (-1,191,820원)', '월간DD': '-0.93%', '리스크모드': 'NORMAL', '섹터노출도': {'의료·정밀기기': '14.6%', '제약': '13.6%', '전기·전자': '8.0%', '금속': '6.0%'}, '누적부대비용': '124,037원 (수수료 9,541 + 세금 114,496)', 'pnl_vs_prev_close': '+1.42%', 'pnl_vs_synced': '-0.24%', 'pnl_기준': 'synced=496,534,380'}
[Reporter] HTML → C:\Q-TRON-32_ARCHIVE\Gen03-02\data\logs\report_daily_20260319_152005.html

============================================================
  Q-TRON Gen3 일일 리포트  2026-03-19 15:20
============================================================
[레짐] BULL  |  신호: 6개

[당일 요약]
  체결건수: 1
  거부건수: 0
  전체시도: 1
  매수수수료: 7,568원
  매도수수료: 6,915원
  매도세금: 82,980원
  총부대비용: 97,463원
  총손익(세전): -4,355,779원
  총손익(세후): -4,453,242원

[포트폴리오]
  총평가금액: 495,342,560원
  현금: 286,266,790원
  보유종목수: 5
  총노출도: 42.2%
  일간손익: -0.24% (-1,191,820원)
  월간DD: -0.93%
  리스크모드: NORMAL
  섹터노출도: {'의료·정밀기기': '14.6%', '제약': '13.6%', '전기·전자': '8.0%', '금속': '6.0%'}
  누적부대비용: 124,037원 (수수료 9,541 + 세금 114,496)
  pnl_vs_prev_close: +1.42%
  pnl_vs_synced: -0.24%
  pnl_기준: synced=496,534,380

[부대비용]
  매수수수료: 7,568원
  매도수수료: 6,915원
  매도세금: 82,980원
  총부대비용: 97,463원
  총손익(세전): -4,355,779원
  총손익(세후): -4,453,242원
============================================================

[EOD] 일일 기준가 업데이트 완료
