2026-03-03 08:01:45,849 [WARNING] [TR 타임아웃] 업종일봉요청(opt20006) — 10초 응답 없음
2026-03-03 08:01:45,901 [WARNING] [TR 타임아웃] 업종일봉요청(opt20006) — 1/3회 시도 실패. 1.1초 후 재시도...
2026-03-03 08:01:57,004 [WARNING] [TR 타임아웃] 업종일봉요청(opt20006) — 10초 응답 없음
2026-03-03 08:01:57,004 [WARNING] [TR 타임아웃] 업종일봉요청(opt20006) — 2/3회 시도 실패. 1.1초 후 재시도...
2026-03-03 08:02:08,099 [WARNING] [TR 타임아웃] 업종일봉요청(opt20006) — 10초 응답 없음
2026-03-03 08:02:08,099 [WARNING] [TR 타임아웃] 업종일봉요청(opt20006) — 3/3회 시도 실패. 1.1초 후 재시도...
2026-03-03 08:02:09,209 [ERROR] [TR 최종 실패] 업종일봉요청(opt20006) — 에러 리포트 저장: C:\Q-TRON-32\data\logs\tr_timeout_opt20006_20260303_080209.html
2026-03-03 08:04:16,271 [WARNING] [TR 타임아웃] 업종일봉요청(opt20006) — 10초 응답 없음
2026-03-03 08:04:16,271 [WARNING] [TR 타임아웃] 업종일봉요청(opt20006) — 1/3회 시도 실패. 1.1초 후 재시도...
2026-03-03 08:04:27,365 [WARNING] [TR 타임아웃] 업종일봉요청(opt20006) — 10초 응답 없음
2026-03-03 08:04:27,365 [WARNING] [TR 타임아웃] 업종일봉요청(opt20006) — 2/3회 시도 실패. 1.1초 후 재시도...
2026-03-03 08:04:38,471 [WARNING] [TR 타임아웃] 업종일봉요청(opt20006) — 10초 응답 없음
2026-03-03 08:04:38,471 [WARNING] [TR 타임아웃] 업종일봉요청(opt20006) — 3/3회 시도 실패. 1.1초 후 재시도...
2026-03-03 08:04:39,576 [ERROR] [TR 최종 실패] 업종일봉요청(opt20006) — 에러 리포트 저장: C:\Q-TRON-32\data\logs\tr_timeout_opt20006_20260303_080439.html
2026-03-03 09:00:12,192 [WARNING] [TR 타임아웃] 업종일봉요청(opt20006) — 10초 응답 없음
2026-03-03 09:00:12,192 [WARNING] [TR 타임아웃] 업종일봉요청(opt20006) — 1/3회 시도 실패. 1.1초 후 재시도...
2026-03-03 09:00:23,297 [WARNING] [TR 타임아웃] 업종일봉요청(opt20006) — 10초 응답 없음
2026-03-03 09:00:23,297 [WARNING] [TR 타임아웃] 업종일봉요청(opt20006) — 2/3회 시도 실패. 1.1초 후 재시도...
2026-03-03 09:00:34,409 [WARNING] [TR 타임아웃] 업종일봉요청(opt20006) — 10초 응답 없음
2026-03-03 09:00:34,409 [WARNING] [TR 타임아웃] 업종일봉요청(opt20006) — 3/3회 시도 실패. 1.1초 후 재시도...
2026-03-03 09:00:35,522 [ERROR] [TR 최종 실패] 업종일봉요청(opt20006) — 에러 리포트 저장: C:\Q-TRON-32\data\logs\tr_timeout_opt20006_20260303_090035.html
2026-03-03 09:26:32,238 [WARNING] [TR 타임아웃] 업종일봉요청(opt20006) — 10초 응답 없음
2026-03-03 09:26:32,238 [WARNING] [TR 타임아웃] 업종일봉요청(opt20006) — 1/3회 시도 실패. 1.1초 후 재시도...
2026-03-03 09:26:43,346 [WARNING] [TR 타임아웃] 업종일봉요청(opt20006) — 10초 응답 없음
2026-03-03 09:26:43,346 [WARNING] [TR 타임아웃] 업종일봉요청(opt20006) — 2/3회 시도 실패. 1.1초 후 재시도...
2026-03-03 09:26:54,456 [WARNING] [TR 타임아웃] 업종일봉요청(opt20006) — 10초 응답 없음
2026-03-03 09:26:54,456 [WARNING] [TR 타임아웃] 업종일봉요청(opt20006) — 3/3회 시도 실패. 1.1초 후 재시도...
2026-03-03 09:26:55,560 [ERROR] [TR 최종 실패] 업종일봉요청(opt20006) — 에러 리포트 저장: C:\Q-TRON-32\data\logs\tr_timeout_opt20006_20260303_092655.html
2026-03-03 14:18:39,503 [WARNING] [TR 타임아웃] 업종일봉요청(opt20006) — 10초 응답 없음
2026-03-03 14:18:39,503 [WARNING] [TR 타임아웃] 업종일봉요청(opt20006) — 1/3회 시도 실패. 1.1초 후 재시도...
2026-03-03 14:18:50,614 [WARNING] [TR 타임아웃] 업종일봉요청(opt20006) — 10초 응답 없음
2026-03-03 14:18:50,614 [WARNING] [TR 타임아웃] 업종일봉요청(opt20006) — 2/3회 시도 실패. 1.1초 후 재시도...
2026-03-03 14:19:01,719 [WARNING] [TR 타임아웃] 업종일봉요청(opt20006) — 10초 응답 없음
2026-03-03 14:19:01,719 [WARNING] [TR 타임아웃] 업종일봉요청(opt20006) — 3/3회 시도 실패. 1.1초 후 재시도...
2026-03-03 14:19:02,829 [ERROR] [TR 최종 실패] 업종일봉요청(opt20006) — 에러 리포트 저장: C:\Q-TRON-32\data\logs\tr_timeout_opt20006_20260303_141902.html
2026-03-03 14:25:03,924 [WARNING] [TR 타임아웃] 업종일봉요청(opt20006) — 10초 응답 없음
2026-03-03 14:25:03,924 [WARNING] [TR 타임아웃] 업종일봉요청(opt20006) — 1/3회 시도 실패. 1.1초 후 재시도...
2026-03-03 14:25:15,035 [WARNING] [TR 타임아웃] 업종일봉요청(opt20006) — 10초 응답 없음
2026-03-03 14:25:15,035 [WARNING] [TR 타임아웃] 업종일봉요청(opt20006) — 2/3회 시도 실패. 1.1초 후 재시도...
2026-03-03 14:25:26,130 [WARNING] [TR 타임아웃] 업종일봉요청(opt20006) — 10초 응답 없음
2026-03-03 14:25:26,130 [WARNING] [TR 타임아웃] 업종일봉요청(opt20006) — 3/3회 시도 실패. 1.1초 후 재시도...
2026-03-03 14:25:27,243 [ERROR] [TR 최종 실패] 업종일봉요청(opt20006) — 에러 리포트 저장: C:\Q-TRON-32\data\logs\tr_timeout_opt20006_20260303_142527.html
2026-03-03 14:31:08,329 [WARNING] [TR 타임아웃] 업종일봉요청(opt20006) — 20초 응답 없음
2026-03-03 14:31:08,330 [WARNING] [TR 타임아웃] 업종일봉요청(opt20006) — 1/3회 시도 실패. 1.6초 후 재시도...
2026-03-03 14:31:52,280 [WARNING] [TR 타임아웃] 업종일봉요청(opt20006) — 20초 응답 없음
2026-03-03 14:31:52,280 [WARNING] [TR 타임아웃] 업종일봉요청(opt20006) — 2/3회 시도 실패. 1.6초 후 재시도...
2026-03-03 14:32:13,894 [WARNING] [TR 타임아웃] 업종일봉요청(opt20006) — 20초 응답 없음
2026-03-03 14:32:13,895 [WARNING] [TR 타임아웃] 업종일봉요청(opt20006) — 3/3회 시도 실패. 1.6초 후 재시도...
2026-03-03 14:32:15,499 [ERROR] [TR 최종 실패] 업종일봉요청(opt20006) — 에러 리포트 저장: C:\Q-TRON-32\data\logs\tr_timeout_opt20006_20260303_143215.html
2026-03-03 14:33:37,472 [WARNING] [TR 타임아웃] 업종일봉요청(opt20006) — 20초 응답 없음
2026-03-03 14:33:37,472 [WARNING] [TR 타임아웃] 업종일봉요청(opt20006) — 1/3회 시도 실패. 1.6초 후 재시도...
2026-03-03 14:33:59,078 [WARNING] [TR 타임아웃] 업종일봉요청(opt20006) — 20초 응답 없음
2026-03-03 14:33:59,078 [WARNING] [TR 타임아웃] 업종일봉요청(opt20006) — 2/3회 시도 실패. 1.6초 후 재시도...
2026-03-03 14:34:20,689 [WARNING] [TR 타임아웃] 업종일봉요청(opt20006) — 20초 응답 없음
2026-03-03 14:34:20,690 [WARNING] [TR 타임아웃] 업종일봉요청(opt20006) — 3/3회 시도 실패. 1.6초 후 재시도...
2026-03-03 14:34:22,304 [ERROR] [TR 최종 실패] 업종일봉요청(opt20006) — 에러 리포트 저장: C:\Q-TRON-32\data\logs\tr_timeout_opt20006_20260303_143422.html
2026-03-03 14:39:13,517 [WARNING] [TR 타임아웃] 업종일봉요청(opt20006) — 20초 응답 없음
2026-03-03 14:39:13,517 [WARNING] [TR 타임아웃] 업종일봉요청(opt20006) — 1/3회 시도 실패. 1.6초 후 재시도...
2026-03-03 14:39:35,111 [WARNING] [TR 타임아웃] 업종일봉요청(opt20006) — 20초 응답 없음
2026-03-03 14:39:35,111 [WARNING] [TR 타임아웃] 업종일봉요청(opt20006) — 2/3회 시도 실패. 1.6초 후 재시도...
2026-03-03 14:41:56,047 [WARNING] [TR 타임아웃] 업종일봉요청(opt20006) — 20초 응답 없음
2026-03-03 14:41:56,047 [WARNING] [TR 타임아웃] 업종일봉요청(opt20006) — 1/3회 시도 실패. 1.6초 후 재시도...
2026-03-03 14:42:17,660 [WARNING] [TR 타임아웃] 업종일봉요청(opt20006) — 20초 응답 없음
2026-03-03 14:42:17,661 [WARNING] [TR 타임아웃] 업종일봉요청(opt20006) — 2/3회 시도 실패. 1.6초 후 재시도...
2026-03-03 14:42:39,266 [WARNING] [TR 타임아웃] 업종일봉요청(opt20006) — 20초 응답 없음
2026-03-03 14:42:39,266 [WARNING] [TR 타임아웃] 업종일봉요청(opt20006) — 3/3회 시도 실패. 1.6초 후 재시도...
2026-03-03 14:42:40,879 [ERROR] [TR 최종 실패] 업종일봉요청(opt20006) — 에러 리포트 저장: C:\Q-TRON-32\data\logs\tr_timeout_opt20006_20260303_144240.html
2026-03-03 14:42:40,879 [WARNING] [MarketAnalyzer] KOSPI 지수 TR 타임아웃: [TR 최종 실패] 업종일봉요청(opt20006) — 3회 재시도 모두 무응답. 로그: C:\Q-TRON-32\data\logs\tr_error_20260303.log
2026-03-03 14:43:00,877 [WARNING] [TR 타임아웃] 업종일봉요청(opt20006) — 20초 응답 없음
2026-03-03 14:43:00,877 [WARNING] [TR 타임아웃] 업종일봉요청(opt20006) — 1/3회 시도 실패. 1.6초 후 재시도...
2026-03-03 14:43:22,488 [WARNING] [TR 타임아웃] 업종일봉요청(opt20006) — 20초 응답 없음
2026-03-03 14:43:22,489 [WARNING] [TR 타임아웃] 업종일봉요청(opt20006) — 2/3회 시도 실패. 1.6초 후 재시도...
2026-03-03 14:43:44,094 [WARNING] [TR 타임아웃] 업종일봉요청(opt20006) — 20초 응답 없음
2026-03-03 14:43:44,094 [WARNING] [TR 타임아웃] 업종일봉요청(opt20006) — 3/3회 시도 실패. 1.6초 후 재시도...
2026-03-03 14:43:45,710 [ERROR] [TR 최종 실패] 업종일봉요청(opt20006) — 에러 리포트 저장: C:\Q-TRON-32\data\logs\tr_timeout_opt20006_20260303_144345.html
2026-03-03 14:43:45,710 [WARNING] [MarketAnalyzer] KOSDAQ 지수 TR 타임아웃: [TR 최종 실패] 업종일봉요청(opt20006) — 3회 재시도 모두 무응답. 로그: C:\Q-TRON-32\data\logs\tr_error_20260303.log
2026-03-03 14:47:06,853 [WARNING] [MarketAnalyzer] KOSPI 지수 분석 실패: get_index_ohlcv_by_date() got an unexpected keyword argument 'code'
2026-03-03 14:47:06,853 [WARNING] [MarketAnalyzer] KOSDAQ 지수 분석 실패: get_index_ohlcv_by_date() got an unexpected keyword argument 'code'
2026-03-03 14:49:10,733 [INFO] Expecting value: line 15 column 3 (char 33)
2026-03-03 14:49:11,088 [INFO] Expecting value: line 15 column 3 (char 33)
2026-03-03 14:49:11,089 [WARNING] [MarketAnalyzer] KOSPI 지수 분석 실패: '지수명'
2026-03-03 14:49:11,436 [INFO] Expecting value: line 15 column 3 (char 33)
2026-03-03 14:49:11,437 [WARNING] [MarketAnalyzer] KOSDAQ 지수 분석 실패: '지수명'
2026-03-03 14:51:12,438 [WARNING] [TR 타임아웃] 업종일봉요청(opt20006) — 20초 응답 없음
2026-03-03 14:51:12,438 [WARNING] [TR 타임아웃] 업종일봉요청(opt20006) — 1/3회 시도 실패. 1.6초 후 재시도...
2026-03-03 14:51:34,033 [WARNING] [TR 타임아웃] 업종일봉요청(opt20006) — 20초 응답 없음
2026-03-03 14:51:34,033 [WARNING] [TR 타임아웃] 업종일봉요청(opt20006) — 2/3회 시도 실패. 1.6초 후 재시도...
2026-03-03 14:51:55,643 [WARNING] [TR 타임아웃] 업종일봉요청(opt20006) — 20초 응답 없음
2026-03-03 14:51:55,644 [WARNING] [TR 타임아웃] 업종일봉요청(opt20006) — 3/3회 시도 실패. 1.6초 후 재시도...
2026-03-03 14:51:57,294 [ERROR] [TR 최종 실패] 업종일봉요청(opt20006) — 에러 리포트 저장: C:\Q-TRON-32\data\logs\tr_timeout_opt20006_20260303_145157.html
2026-03-03 14:51:57,294 [WARNING] [MarketAnalyzer] KOSPI 지수 TR 타임아웃: [TR 최종 실패] 업종일봉요청(opt20006) — 3회 재시도 모두 무응답. 로그: C:\Q-TRON-32\data\logs\tr_error_20260303.log
2026-03-03 14:52:17,281 [WARNING] [TR 타임아웃] 업종일봉요청(opt20006) — 20초 응답 없음
2026-03-03 14:52:17,281 [WARNING] [TR 타임아웃] 업종일봉요청(opt20006) — 1/3회 시도 실패. 1.6초 후 재시도...
2026-03-03 14:52:38,876 [WARNING] [TR 타임아웃] 업종일봉요청(opt20006) — 20초 응답 없음
2026-03-03 14:52:38,876 [WARNING] [TR 타임아웃] 업종일봉요청(opt20006) — 2/3회 시도 실패. 1.6초 후 재시도...
2026-03-03 14:53:00,472 [WARNING] [TR 타임아웃] 업종일봉요청(opt20006) — 20초 응답 없음
2026-03-03 14:53:00,472 [WARNING] [TR 타임아웃] 업종일봉요청(opt20006) — 3/3회 시도 실패. 1.6초 후 재시도...
2026-03-03 14:53:02,083 [ERROR] [TR 최종 실패] 업종일봉요청(opt20006) — 에러 리포트 저장: C:\Q-TRON-32\data\logs\tr_timeout_opt20006_20260303_145302.html
2026-03-03 14:53:02,084 [WARNING] [MarketAnalyzer] KOSDAQ 지수 TR 타임아웃: [TR 최종 실패] 업종일봉요청(opt20006) — 3회 재시도 모두 무응답. 로그: C:\Q-TRON-32\data\logs\tr_error_20260303.log
2026-03-03 14:53:02,084 [WARNING] [MarketAnalyzer] KOSPI/KOSDAQ 지수 TR 모두 실패 — 시장 상태를 SIDEWAYS로 보수적으로 가정합니다.
2026-03-03 14:53:22,078 [WARNING] [TR 타임아웃] 주식기본정보요청(opt10001) — 20초 응답 없음
2026-03-03 14:53:22,078 [WARNING] [TR 타임아웃] 주식기본정보요청(opt10001) — 1/3회 시도 실패. 1.6초 후 재시도...
2026-03-03 14:53:43,687 [WARNING] [TR 타임아웃] 주식기본정보요청(opt10001) — 20초 응답 없음
2026-03-03 14:53:43,687 [WARNING] [TR 타임아웃] 주식기본정보요청(opt10001) — 2/3회 시도 실패. 1.6초 후 재시도...
2026-03-03 14:54:05,282 [WARNING] [TR 타임아웃] 주식기본정보요청(opt10001) — 20초 응답 없음
2026-03-03 14:54:05,282 [WARNING] [TR 타임아웃] 주식기본정보요청(opt10001) — 3/3회 시도 실패. 1.6초 후 재시도...
2026-03-03 14:54:06,883 [ERROR] [TR 최종 실패] 주식기본정보요청(opt10001) — 에러 리포트 저장: C:\Q-TRON-32\data\logs\tr_timeout_opt10001_20260303_145406.html
[2026-03-03 15:02:58.503019] [TR 최종 실패] 주식기본정보요청(opt10001) — 3회 재시도 모두 무응답.
NoneType: None

--------------------------------------------------------------------------------
